cd C:\Users\Bill\Documents\GitHub\react_demo
dir
npm install react
npm install reactjs
npm initialize
npm init
npm install react
npm install -g create-react-app
npm create-react-app my-first-react-app
create-react-app react-demo
ls
dir
cd react-demo
ls
npm start
y
npm run build
npm install -f serve
https://github.com/LinuxPractice/react_demohttps://github.com/LinuxPractice/react_demonpm remove serve
npm remove serve
npm install -g ajv-keywords
npm install -g serve
serve -s build
y
npm install bootstrap-css-only#4.1.3
npm install bootstrap-css-only@4.1.3
npm install bootstrap-css-only
npm install fabric.js
npm install ajv
npm install bootstrap-css-only
doskey /history >> \commands.log
doskey /history >> commands.log
cd C:\Users\Bill\Documents\GitHub\react_demo
dir
npm install react
npm install reactjs
npm initialize
npm init
npm install react
npm install -g create-react-app
npm create-react-app my-first-react-app
create-react-app react-demo
ls
dir
cd react-demo
ls
npm start
y
npm run build
npm install -f serve
https://github.com/LinuxPractice/react_demohttps://github.com/LinuxPractice/react_demonpm remove serve
npm remove serve
npm install -g ajv-keywords
npm install -g serve
serve -s build
y
npm install bootstrap-css-only#4.1.3
npm install bootstrap-css-only@4.1.3
npm install bootstrap-css-only
npm install fabric.js
npm install ajv
npm install bootstrap-css-only
doskey /history >> \commands.log
doskey /history >> commands.log
apm -v
npm install fabric.js
doskey /history >> commands.log
